1:C 21 Nov 05:08:19.100 # oO0OoO0OoO0Oo Redis is starting oO0OoO0OoO0Oo
1:C 21 Nov 05:08:19.119 # Redis version=4.0.8, bits=64, commit=00000000, modified=0, pid=1, just started
1:C 21 Nov 05:08:19.135 # Configuration loaded
                _._                                                  
           _.-``__ ''-._                                             
      _.-``    `.  `_.  ''-._           Redis 4.0.8 (00000000/0) 64 bit
  .-`` .-```.  ```\/    _.,_ ''-._                                   
 (    '      ,       .-`  | `,    )     Running in standalone mode
 |`-._`-...-` __...-.``-._|'` _.-'|     Port: 6379
 |    `-._   `._    /     _.-'    |     PID: 1
  `-._    `-._  `-./  _.-'    _.-'                                   
 |`-._`-._    `-.__.-'    _.-'_.-'|                                  
 |    `-._`-._        _.-'_.-'    |           http://redis.io        
  `-._    `-._`-.__.-'_.-'    _.-'                                   
 |`-._`-._    `-.__.-'    _.-'_.-'|                                  
 |    `-._`-._        _.-'_.-'    |                                  
  `-._    `-._`-.__.-'_.-'    _.-'                                   
      `-._    `-.__.-'    _.-'                                       
          `-._        _.-'                                           
              `-.__.-'                                               

1:M 21 Nov 05:08:19.162 # WARNING: The TCP backlog setting of 511 cannot be enforced because /proc/sys/net/core/somaxconn is set to the lower value of 128.
1:M 21 Nov 05:08:19.177 # Server initialized
1:M 21 Nov 05:08:19.178 # WARNING you have Transparent Huge Pages (THP) support enabled in your kernel. This will create latency and memory usage issues with Redis. To fix this issue run the command 'echo never > /sys/kernel/mm/transparent_hugepage/enabled' as root, and add it to your /etc/rc.local in order to retain the setting after a reboot. Redis must be restarted after THP is disabled.
1:M 21 Nov 05:08:19.190 * Ready to accept connections
1:C 21 Nov 06:15:28.247 # oO0OoO0OoO0Oo Redis is starting oO0OoO0OoO0Oo
1:C 21 Nov 06:15:28.383 # Redis version=4.0.8, bits=64, commit=00000000, modified=0, pid=1, just started
1:C 21 Nov 06:15:28.385 # Configuration loaded
                _._                                                  
           _.-``__ ''-._                                             
      _.-``    `.  `_.  ''-._           Redis 4.0.8 (00000000/0) 64 bit
  .-`` .-```.  ```\/    _.,_ ''-._                                   
 (    '      ,       .-`  | `,    )     Running in standalone mode
 |`-._`-...-` __...-.``-._|'` _.-'|     Port: 6379
 |    `-._   `._    /     _.-'    |     PID: 1
  `-._    `-._  `-./  _.-'    _.-'                                   
 |`-._`-._    `-.__.-'    _.-'_.-'|                                  
 |    `-._`-._        _.-'_.-'    |           http://redis.io        
  `-._    `-._`-.__.-'_.-'    _.-'                                   
 |`-._`-._    `-.__.-'    _.-'_.-'|                                  
 |    `-._`-._        _.-'_.-'    |                                  
  `-._    `-._`-.__.-'_.-'    _.-'                                   
      `-._    `-.__.-'    _.-'                                       
          `-._        _.-'                                           
              `-.__.-'                                               

1:M 21 Nov 06:15:28.419 # WARNING: The TCP backlog setting of 511 cannot be enforced because /proc/sys/net/core/somaxconn is set to the lower value of 128.
1:M 21 Nov 06:15:28.421 # Server initialized
1:M 21 Nov 06:15:28.423 # WARNING you have Transparent Huge Pages (THP) support enabled in your kernel. This will create latency and memory usage issues with Redis. To fix this issue run the command 'echo never > /sys/kernel/mm/transparent_hugepage/enabled' as root, and add it to your /etc/rc.local in order to retain the setting after a reboot. Redis must be restarted after THP is disabled.
1:M 21 Nov 06:15:28.425 * Ready to accept connections
1:C 21 Nov 07:32:59.339 # oO0OoO0OoO0Oo Redis is starting oO0OoO0OoO0Oo
1:C 21 Nov 07:32:59.482 # Redis version=4.0.8, bits=64, commit=00000000, modified=0, pid=1, just started
1:C 21 Nov 07:32:59.483 # Configuration loaded
                _._                                                  
           _.-``__ ''-._                                             
      _.-``    `.  `_.  ''-._           Redis 4.0.8 (00000000/0) 64 bit
  .-`` .-```.  ```\/    _.,_ ''-._                                   
 (    '      ,       .-`  | `,    )     Running in standalone mode
 |`-._`-...-` __...-.``-._|'` _.-'|     Port: 6379
 |    `-._   `._    /     _.-'    |     PID: 1
  `-._    `-._  `-./  _.-'    _.-'                                   
 |`-._`-._    `-.__.-'    _.-'_.-'|                                  
 |    `-._`-._        _.-'_.-'    |           http://redis.io        
  `-._    `-._`-.__.-'_.-'    _.-'                                   
 |`-._`-._    `-.__.-'    _.-'_.-'|                                  
 |    `-._`-._        _.-'_.-'    |                                  
  `-._    `-._`-.__.-'_.-'    _.-'                                   
      `-._    `-.__.-'    _.-'                                       
          `-._        _.-'                                           
              `-.__.-'                                               

1:M 21 Nov 07:32:59.500 # WARNING: The TCP backlog setting of 511 cannot be enforced because /proc/sys/net/core/somaxconn is set to the lower value of 128.
1:M 21 Nov 07:32:59.503 # Server initialized
1:M 21 Nov 07:32:59.508 # WARNING you have Transparent Huge Pages (THP) support enabled in your kernel. This will create latency and memory usage issues with Redis. To fix this issue run the command 'echo never > /sys/kernel/mm/transparent_hugepage/enabled' as root, and add it to your /etc/rc.local in order to retain the setting after a reboot. Redis must be restarted after THP is disabled.
1:M 21 Nov 07:32:59.510 * Ready to accept connections
1:M 21 Nov 07:38:00.098 * 10 changes in 300 seconds. Saving...
1:M 21 Nov 07:38:00.099 * Background saving started by pid 18
18:C 21 Nov 07:38:00.102 * DB saved on disk
18:C 21 Nov 07:38:00.103 * RDB: 0 MB of memory used by copy-on-write
1:M 21 Nov 07:38:00.202 * Background saving terminated with success
1:C 21 Nov 08:25:14.387 # oO0OoO0OoO0Oo Redis is starting oO0OoO0OoO0Oo
1:C 21 Nov 08:25:14.555 # Redis version=4.0.8, bits=64, commit=00000000, modified=0, pid=1, just started
1:C 21 Nov 08:25:14.568 # Configuration loaded
                _._                                                  
           _.-``__ ''-._                                             
      _.-``    `.  `_.  ''-._           Redis 4.0.8 (00000000/0) 64 bit
  .-`` .-```.  ```\/    _.,_ ''-._                                   
 (    '      ,       .-`  | `,    )     Running in standalone mode
 |`-._`-...-` __...-.``-._|'` _.-'|     Port: 6379
 |    `-._   `._    /     _.-'    |     PID: 1
  `-._    `-._  `-./  _.-'    _.-'                                   
 |`-._`-._    `-.__.-'    _.-'_.-'|                                  
 |    `-._`-._        _.-'_.-'    |           http://redis.io        
  `-._    `-._`-.__.-'_.-'    _.-'                                   
 |`-._`-._    `-.__.-'    _.-'_.-'|                                  
 |    `-._`-._        _.-'_.-'    |                                  
  `-._    `-._`-.__.-'_.-'    _.-'                                   
      `-._    `-.__.-'    _.-'                                       
          `-._        _.-'                                           
              `-.__.-'                                               

1:M 21 Nov 08:25:14.601 # WARNING: The TCP backlog setting of 511 cannot be enforced because /proc/sys/net/core/somaxconn is set to the lower value of 128.
1:M 21 Nov 08:25:14.636 # Server initialized
1:M 21 Nov 08:25:14.644 # WARNING you have Transparent Huge Pages (THP) support enabled in your kernel. This will create latency and memory usage issues with Redis. To fix this issue run the command 'echo never > /sys/kernel/mm/transparent_hugepage/enabled' as root, and add it to your /etc/rc.local in order to retain the setting after a reboot. Redis must be restarted after THP is disabled.
1:M 21 Nov 08:25:14.665 * DB loaded from disk: 0.007 seconds
1:M 21 Nov 08:25:14.666 * Ready to accept connections
1:M 21 Nov 08:30:15.061 * 10 changes in 300 seconds. Saving...
1:M 21 Nov 08:30:15.088 * Background saving started by pid 18
18:C 21 Nov 08:30:15.112 * DB saved on disk
18:C 21 Nov 08:30:15.114 * RDB: 0 MB of memory used by copy-on-write
1:M 21 Nov 08:30:15.210 * Background saving terminated with success
